0 verbose cli /usr/local/bin/node /usr/local/bin/npm
1 info using npm@10.9.2
2 info using node@v22.17.0
3 silly config load:file:/usr/local/lib/node_modules/npm/npmrc
4 silly config load:file:/Users/ram/myacademydask/.npmrc
5 silly config load:file:/Users/ram/.npmrc
6 silly config load:file:/usr/local/etc/npmrc
7 verbose title npm config set tmp /Users/ram/myacademydask/.npm-tmp
8 verbose argv "config" "set" "tmp" "/Users/ram/myacademydask/.npm-tmp"
9 verbose logfile logs-max:10 dir:/Users/ram/myacademydask/.npm-cache/_logs/2025-10-05T18_53_48_215Z-
10 verbose logfile /Users/ram/myacademydask/.npm-cache/_logs/2025-10-05T18_53_48_215Z-debug-0.log
11 silly logfile done cleaning log files
12 info config set "tmp" "/Users/ram/myacademydask/.npm-tmp"
13 verbose stack Error: `tmp` is not a valid npm option
13 verbose stack     at Config.set (/usr/local/lib/node_modules/npm/lib/commands/config.js:186:15)
13 verbose stack     at Config.exec (/usr/local/lib/node_modules/npm/lib/commands/config.js:151:20)
13 verbose stack     at /usr/local/lib/node_modules/npm/lib/npm.js:255:63
13 verbose stack     at Object.start (/usr/local/lib/node_modules/npm/node_modules/proc-log/lib/index.js:101:21)
13 verbose stack     at #exec (/usr/local/lib/node_modules/npm/lib/npm.js:254:17)
13 verbose stack     at async Npm.exec (/usr/local/lib/node_modules/npm/lib/npm.js:207:9)
13 verbose stack     at async module.exports (/usr/local/lib/node_modules/npm/lib/cli/entry.js:74:5)
14 error `tmp` is not a valid npm option
15 verbose cwd /Users/ram/myacademydask
16 verbose os Darwin 25.0.0
17 verbose node v22.17.0
18 verbose npm  v10.9.2
19 verbose exit 1
20 verbose code 1
21 error A complete log of this run can be found in: /Users/ram/myacademydask/.npm-cache/_logs/2025-10-05T18_53_48_215Z-debug-0.log
